[16:45:58] [ServerMain/INFO]: Environment: authHost='https://authserver.mojang.com', accountsHost='https://api.mojang.com', sessionHost='https://sessionserver.mojang.com', servicesHost='https://api.minecraftservices.com', name='PROD'
[16:45:58] [ServerMain/INFO]: Loaded 7 recipes
[16:45:58] [ServerMain/INFO]: Loaded 1271 advancements
[16:45:59] [Server thread/INFO]: Starting minecraft server version 1.20
[16:45:59] [Server thread/INFO]: Loading properties
[16:45:59] [Server thread/INFO]: Default game type: SURVIVAL
[16:45:59] [Server thread/INFO]: Generating keypair
[16:45:59] [Server thread/INFO]: Starting Minecraft server on *:25565
[16:45:59] [Server thread/INFO]: Using default channel type
[16:45:59] [Server thread/INFO]: Preparing level "world"
[16:45:59] [Server thread/INFO]: Preparing start region for dimension minecraft:overworld
[16:46:01] [Worker-Main-6/INFO]: Preparing spawn area: 0%
[16:46:01] [Worker-Main-10/INFO]: Preparing spawn area: 0%
[16:46:01] [Worker-Main-10/INFO]: Preparing spawn area: 0%
[16:46:01] [Worker-Main-11/INFO]: Preparing spawn area: 4%
[16:46:01] [Server thread/INFO]: Time elapsed: 1959 ms
[16:46:01] [Server thread/INFO]: Done (2.430s)! For help, type "help"
[16:46:05] [User Authenticator #1/INFO]: UUID of player Frenchy997 is 3aa128d2-050f-43c9-9ec1-52fff4fd7dcd
[16:46:05] [Server thread/WARN]: Ignored advancement 'minecraft:recipes/building_blocks/magenta_wool' in progress file .\world\advancements\3aa128d2-050f-43c9-9ec1-52fff4fd7dcd.json - it doesn't exist anymore?
[16:46:05] [Server thread/WARN]: Ignored advancement 'minecraft:recipes/building_blocks/blue_wool' in progress file .\world\advancements\3aa128d2-050f-43c9-9ec1-52fff4fd7dcd.json - it doesn't exist anymore?
[16:46:05] [Server thread/WARN]: Ignored advancement 'minecraft:recipes/building_blocks/light_blue_wool' in progress file .\world\advancements\3aa128d2-050f-43c9-9ec1-52fff4fd7dcd.json - it doesn't exist anymore?
[16:46:05] [Server thread/WARN]: Ignored advancement 'minecraft:recipes/building_blocks/light_gray_wool' in progress file .\world\advancements\3aa128d2-050f-43c9-9ec1-52fff4fd7dcd.json - it doesn't exist anymore?
[16:46:05] [Server thread/WARN]: Ignored advancement 'minecraft:recipes/building_blocks/red_wool' in progress file .\world\advancements\3aa128d2-050f-43c9-9ec1-52fff4fd7dcd.json - it doesn't exist anymore?
[16:46:05] [Server thread/WARN]: Ignored advancement 'minecraft:recipes/building_blocks/purple_wool' in progress file .\world\advancements\3aa128d2-050f-43c9-9ec1-52fff4fd7dcd.json - it doesn't exist anymore?
[16:46:05] [Server thread/WARN]: Ignored advancement 'minecraft:recipes/building_blocks/cyan_wool' in progress file .\world\advancements\3aa128d2-050f-43c9-9ec1-52fff4fd7dcd.json - it doesn't exist anymore?
[16:46:05] [Server thread/WARN]: Ignored advancement 'minecraft:recipes/building_blocks/orange_wool' in progress file .\world\advancements\3aa128d2-050f-43c9-9ec1-52fff4fd7dcd.json - it doesn't exist anymore?
[16:46:05] [Server thread/WARN]: Ignored advancement 'minecraft:recipes/building_blocks/pink_wool' in progress file .\world\advancements\3aa128d2-050f-43c9-9ec1-52fff4fd7dcd.json - it doesn't exist anymore?
[16:46:05] [Server thread/WARN]: Ignored advancement 'minecraft:recipes/building_blocks/black_wool' in progress file .\world\advancements\3aa128d2-050f-43c9-9ec1-52fff4fd7dcd.json - it doesn't exist anymore?
[16:46:05] [Server thread/WARN]: Ignored advancement 'minecraft:recipes/building_blocks/yellow_wool' in progress file .\world\advancements\3aa128d2-050f-43c9-9ec1-52fff4fd7dcd.json - it doesn't exist anymore?
[16:46:05] [Server thread/WARN]: Ignored advancement 'minecraft:recipes/building_blocks/gray_wool' in progress file .\world\advancements\3aa128d2-050f-43c9-9ec1-52fff4fd7dcd.json - it doesn't exist anymore?
[16:46:05] [Server thread/WARN]: Ignored advancement 'minecraft:recipes/building_blocks/lime_wool' in progress file .\world\advancements\3aa128d2-050f-43c9-9ec1-52fff4fd7dcd.json - it doesn't exist anymore?
[16:46:05] [Server thread/WARN]: Ignored advancement 'minecraft:recipes/building_blocks/green_wool' in progress file .\world\advancements\3aa128d2-050f-43c9-9ec1-52fff4fd7dcd.json - it doesn't exist anymore?
[16:46:05] [Server thread/WARN]: Ignored advancement 'minecraft:recipes/building_blocks/brown_wool' in progress file .\world\advancements\3aa128d2-050f-43c9-9ec1-52fff4fd7dcd.json - it doesn't exist anymore?
[16:46:05] [Server thread/WARN]: Ignored advancement 'minecraft:recipes/decorations/light_blue_bed_from_white_bed' in progress file .\world\advancements\3aa128d2-050f-43c9-9ec1-52fff4fd7dcd.json - it doesn't exist anymore?
[16:46:05] [Server thread/WARN]: Ignored advancement 'minecraft:recipes/decorations/purple_bed_from_white_bed' in progress file .\world\advancements\3aa128d2-050f-43c9-9ec1-52fff4fd7dcd.json - it doesn't exist anymore?
[16:46:05] [Server thread/WARN]: Ignored advancement 'minecraft:recipes/decorations/yellow_bed_from_white_bed' in progress file .\world\advancements\3aa128d2-050f-43c9-9ec1-52fff4fd7dcd.json - it doesn't exist anymore?
[16:46:05] [Server thread/WARN]: Ignored advancement 'minecraft:recipes/decorations/orange_bed_from_white_bed' in progress file .\world\advancements\3aa128d2-050f-43c9-9ec1-52fff4fd7dcd.json - it doesn't exist anymore?
[16:46:05] [Server thread/WARN]: Ignored advancement 'minecraft:recipes/decorations/cyan_bed_from_white_bed' in progress file .\world\advancements\3aa128d2-050f-43c9-9ec1-52fff4fd7dcd.json - it doesn't exist anymore?
[16:46:05] [Server thread/WARN]: Ignored advancement 'minecraft:recipes/decorations/lime_bed_from_white_bed' in progress file .\world\advancements\3aa128d2-050f-43c9-9ec1-52fff4fd7dcd.json - it doesn't exist anymore?
[16:46:05] [Server thread/WARN]: Ignored advancement 'minecraft:recipes/decorations/green_bed_from_white_bed' in progress file .\world\advancements\3aa128d2-050f-43c9-9ec1-52fff4fd7dcd.json - it doesn't exist anymore?
[16:46:05] [Server thread/WARN]: Ignored advancement 'minecraft:recipes/decorations/blue_bed_from_white_bed' in progress file .\world\advancements\3aa128d2-050f-43c9-9ec1-52fff4fd7dcd.json - it doesn't exist anymore?
[16:46:05] [Server thread/WARN]: Ignored advancement 'minecraft:recipes/decorations/magenta_bed_from_white_bed' in progress file .\world\advancements\3aa128d2-050f-43c9-9ec1-52fff4fd7dcd.json - it doesn't exist anymore?
[16:46:05] [Server thread/WARN]: Ignored advancement 'minecraft:recipes/decorations/gray_bed_from_white_bed' in progress file .\world\advancements\3aa128d2-050f-43c9-9ec1-52fff4fd7dcd.json - it doesn't exist anymore?
[16:46:05] [Server thread/WARN]: Ignored advancement 'minecraft:recipes/decorations/pink_bed_from_white_bed' in progress file .\world\advancements\3aa128d2-050f-43c9-9ec1-52fff4fd7dcd.json - it doesn't exist anymore?
[16:46:05] [Server thread/WARN]: Ignored advancement 'minecraft:recipes/decorations/red_bed_from_white_bed' in progress file .\world\advancements\3aa128d2-050f-43c9-9ec1-52fff4fd7dcd.json - it doesn't exist anymore?
[16:46:05] [Server thread/WARN]: Ignored advancement 'minecraft:recipes/decorations/black_bed_from_white_bed' in progress file .\world\advancements\3aa128d2-050f-43c9-9ec1-52fff4fd7dcd.json - it doesn't exist anymore?
[16:46:05] [Server thread/WARN]: Ignored advancement 'minecraft:recipes/decorations/brown_bed_from_white_bed' in progress file .\world\advancements\3aa128d2-050f-43c9-9ec1-52fff4fd7dcd.json - it doesn't exist anymore?
[16:46:05] [Server thread/WARN]: Ignored advancement 'minecraft:recipes/decorations/light_gray_bed_from_white_bed' in progress file .\world\advancements\3aa128d2-050f-43c9-9ec1-52fff4fd7dcd.json - it doesn't exist anymore?
[16:46:05] [Server thread/ERROR]: Tried to load unrecognized recipe: minecraft:yellow_wool removed now.
[16:46:05] [Server thread/ERROR]: Tried to load unrecognized recipe: minecraft:red_wool removed now.
[16:46:05] [Server thread/ERROR]: Tried to load unrecognized recipe: minecraft:red_bed_from_white_bed removed now.
[16:46:05] [Server thread/ERROR]: Tried to load unrecognized recipe: minecraft:magenta_wool removed now.
[16:46:05] [Server thread/ERROR]: Tried to load unrecognized recipe: minecraft:gray_wool removed now.
[16:46:05] [Server thread/ERROR]: Tried to load unrecognized recipe: minecraft:green_wool removed now.
[16:46:05] [Server thread/ERROR]: Tried to load unrecognized recipe: minecraft:cyan_bed_from_white_bed removed now.
[16:46:05] [Server thread/ERROR]: Tried to load unrecognized recipe: minecraft:black_wool removed now.
[16:46:05] [Server thread/ERROR]: Tried to load unrecognized recipe: minecraft:lime_bed_from_white_bed removed now.
[16:46:05] [Server thread/ERROR]: Tried to load unrecognized recipe: minecraft:lime_wool removed now.
[16:46:05] [Server thread/ERROR]: Tried to load unrecognized recipe: minecraft:purple_bed_from_white_bed removed now.
[16:46:05] [Server thread/ERROR]: Tried to load unrecognized recipe: minecraft:light_gray_wool removed now.
[16:46:05] [Server thread/ERROR]: Tried to load unrecognized recipe: minecraft:purple_wool removed now.
[16:46:05] [Server thread/ERROR]: Tried to load unrecognized recipe: minecraft:brown_bed_from_white_bed removed now.
[16:46:05] [Server thread/ERROR]: Tried to load unrecognized recipe: minecraft:yellow_bed_from_white_bed removed now.
[16:46:05] [Server thread/ERROR]: Tried to load unrecognized recipe: minecraft:cyan_wool removed now.
[16:46:05] [Server thread/ERROR]: Tried to load unrecognized recipe: minecraft:blue_bed_from_white_bed removed now.
[16:46:05] [Server thread/ERROR]: Tried to load unrecognized recipe: minecraft:pink_wool removed now.
[16:46:05] [Server thread/ERROR]: Tried to load unrecognized recipe: minecraft:light_blue_wool removed now.
[16:46:05] [Server thread/ERROR]: Tried to load unrecognized recipe: minecraft:orange_wool removed now.
[16:46:05] [Server thread/ERROR]: Tried to load unrecognized recipe: minecraft:black_bed_from_white_bed removed now.
[16:46:05] [Server thread/ERROR]: Tried to load unrecognized recipe: minecraft:gray_bed_from_white_bed removed now.
[16:46:05] [Server thread/ERROR]: Tried to load unrecognized recipe: minecraft:magenta_bed_from_white_bed removed now.
[16:46:05] [Server thread/ERROR]: Tried to load unrecognized recipe: minecraft:pink_bed_from_white_bed removed now.
[16:46:05] [Server thread/ERROR]: Tried to load unrecognized recipe: minecraft:brown_wool removed now.
[16:46:05] [Server thread/ERROR]: Tried to load unrecognized recipe: minecraft:green_bed_from_white_bed removed now.
[16:46:05] [Server thread/ERROR]: Tried to load unrecognized recipe: minecraft:light_gray_bed_from_white_bed removed now.
[16:46:05] [Server thread/ERROR]: Tried to load unrecognized recipe: minecraft:orange_bed_from_white_bed removed now.
[16:46:05] [Server thread/ERROR]: Tried to load unrecognized recipe: minecraft:blue_wool removed now.
[16:46:05] [Server thread/ERROR]: Tried to load unrecognized recipe: minecraft:light_blue_bed_from_white_bed removed now.
[16:46:05] [Server thread/INFO]: Frenchy997[/109.154.156.124:52351] logged in with entity id 47 at (-6005.357800266, 103.0, -1186.4960009797112)
[16:46:05] [Server thread/INFO]: Frenchy997 joined the game
[16:46:21] [Server thread/INFO]: Frenchy997 lost connection: Disconnected
[16:46:21] [Server thread/INFO]: Frenchy997 left the game
